# JRE version: OpenJDK Runtime Environment (24.0.1+9) (build 24.0.1+9-30)
# Java VM: OpenJDK 64-Bit Server VM (24.0.1+9-30, mixed mode, sharing, tiered, compressed oops, compressed class ptrs, g1 gc, windows-amd64)
GC Precious Log:
 CardTable entry size: 512
 Card Set container configuration: InlinePtr #cards 5 size 8 Array Of Cards #cards 10 size 36 Howl #buckets 4 coarsen threshold 1843 Howl Bitmap #cards 512 size 80 coarsen threshold 460 Card regions per heap region 1 cards per card region 2048
 CPUs: 2 total, 2 available
 Memory: 3499M
 Large Page Support: Disabled
 NUMA Support: Disabled
 Compressed Oops: Enabled (32-bit)
 Heap Region Size: 1M
 Heap Min Capacity: 8M
 Heap Initial Capacity: 56M
 Heap Max Capacity: 876M
 Pre-touch: Disabled
 Parallel Workers: 2
 Concurrent Workers: 1
 Concurrent Refinement Workers: 2
 Periodic GC: Disabled
Heap:
 garbage-first heap   total reserved 897024K, committed 40960K, used 22656K [0x00000000c9400000, 0x0000000100000000)
  region size 1024K, 4 young (4096K), 2 survivors (2048K)
 Metaspace       used 42290K, committed 42752K, reserved 1114112K
  class space    used 4588K, committed 4800K, reserved 1048576K
GC Heap History (20 events):
Event: 9.054 GC heap before
{Heap before GC invocations=3 (full 0):
 garbage-first heap   total reserved 897024K, committed 59392K, used 34918K [0x00000000c9400000, 0x0000000100000000)
  region size 1024K, 29 young (29696K), 3 survivors (3072K)
 Metaspace       used 19810K, committed 20096K, reserved 1114112K
  class space    used 2091K, committed 2240K, reserved 1048576K
}
Event: 9.064 GC heap after
{Heap after GC invocations=4 (full 0):
 garbage-first heap   total reserved 897024K, committed 59392K, used 10923K [0x00000000c9400000, 0x0000000100000000)
  region size 1024K, 3 young (3072K), 3 survivors (3072K)
 Metaspace       used 19810K, committed 20096K, reserved 1114112K
  class space    used 2091K, committed 2240K, reserved 1048576K
}
Event: 9.253 GC heap before
{Heap before GC invocations=4 (full 0):
 garbage-first heap   total reserved 897024K, committed 59392K, used 17067K [0x00000000c9400000, 0x0000000100000000)
  region size 1024K, 10 young (10240K), 3 survivors (3072K)
 Metaspace       used 21259K, committed 21504K, reserved 1114112K
  class space    used 2186K, committed 2304K, reserved 1048576K
}
Event: 9.260 GC heap after
{Heap after GC invocations=5 (full 0):
 garbage-first heap   total reserved 897024K, committed 59392K, used 11356K [0x00000000c9400000, 0x0000000100000000)
  region size 1024K, 2 young (2048K), 2 survivors (2048K)
 Metaspace       used 21259K, committed 21504K, reserved 1114112K
  class space    used 2186K, committed 2304K, reserved 1048576K
}
Event: 10.422 GC heap before
{Heap before GC invocations=6 (full 0):
 garbage-first heap   total reserved 897024K, committed 40960K, used 33884K [0x00000000c9400000, 0x0000000100000000)
  region size 1024K, 24 young (24576K), 2 survivors (2048K)
 Metaspace       used 25765K, committed 26112K, reserved 1114112K
  class space    used 2573K, committed 2752K, reserved 1048576K
}
Event: 10.431 GC heap after
{Heap after GC invocations=7 (full 0):
 garbage-first heap   total reserved 897024K, committed 40960K, used 13261K [0x00000000c9400000, 0x0000000100000000)
  region size 1024K, 3 young (3072K), 3 survivors (3072K)
 Metaspace       used 25765K, committed 26112K, reserved 1114112K
  class space    used 2573K, committed 2752K, reserved 1048576K
}
Event: 11.965 GC heap before
{Heap before GC invocations=7 (full 0):
 garbage-first heap   total reserved 897024K, committed 40960K, used 29645K [0x00000000c9400000, 0x0000000100000000)
  region size 1024K, 20 young (20480K), 3 survivors (3072K)
 Metaspace       used 28176K, committed 28544K, reserved 1114112K
  class space    used 2834K, committed 3008K, reserved 1048576K
}
Event: 11.974 GC heap after
{Heap after GC invocations=8 (full 0):
 garbage-first heap   total reserved 897024K, committed 40960K, used 15169K [0x00000000c9400000, 0x0000000100000000)
  region size 1024K, 3 young (3072K), 3 survivors (3072K)
 Metaspace       used 28176K, committed 28544K, reserved 1114112K
  class space    used 2834K, committed 3008K, reserved 1048576K
}
Event: 13.499 GC heap before
{Heap before GC invocations=8 (full 0):
 garbage-first heap   total reserved 897024K, committed 40960K, used 32577K [0x00000000c9400000, 0x0000000100000000)
  region size 1024K, 20 young (20480K), 3 survivors (3072K)
 Metaspace       used 30449K, committed 30784K, reserved 1114112K
  class space    used 3067K, committed 3200K, reserved 1048576K
}
Event: 13.507 GC heap after
{Heap after GC invocations=9 (full 0):
 garbage-first heap   total reserved 897024K, committed 40960K, used 16492K [0x00000000c9400000, 0x0000000100000000)
  region size 1024K, 2 young (2048K), 2 survivors (2048K)
 Metaspace       used 30449K, committed 30784K, reserved 1114112K
  class space    used 3067K, committed 3200K, reserved 1048576K
}
Event: 14.669 GC heap before
{Heap before GC invocations=9 (full 0):
 garbage-first heap   total reserved 897024K, committed 40960K, used 33900K [0x00000000c9400000, 0x0000000100000000)
  region size 1024K, 19 young (19456K), 2 survivors (2048K)
 Metaspace       used 33538K, committed 33856K, reserved 1114112K
  class space    used 3459K, committed 3584K, reserved 1048576K
}
Event: 14.675 GC heap after
{Heap after GC invocations=10 (full 0):
 garbage-first heap   total reserved 897024K, committed 40960K, used 17644K [0x00000000c9400000, 0x0000000100000000)
  region size 1024K, 3 young (3072K), 3 survivors (3072K)
 Metaspace       used 33538K, committed 33856K, reserved 1114112K
  class space    used 3459K, committed 3584K, reserved 1048576K
}
Event: 15.191 GC heap before
{Heap before GC invocations=10 (full 0):
 garbage-first heap   total reserved 897024K, committed 40960K, used 24812K [0x00000000c9400000, 0x0000000100000000)
  region size 1024K, 12 young (12288K), 3 survivors (3072K)
 Metaspace       used 35657K, committed 35968K, reserved 1114112K
  class space    used 3746K, committed 3904K, reserved 1048576K
}
Event: 15.200 GC heap after
{Heap after GC invocations=11 (full 0):
 garbage-first heap   total reserved 897024K, committed 40960K, used 18432K [0x00000000c9400000, 0x0000000100000000)
  region size 1024K, 3 young (3072K), 3 survivors (3072K)
 Metaspace       used 35657K, committed 35968K, reserved 1114112K
  class space    used 3746K, committed 3904K, reserved 1048576K
}
Event: 16.617 GC heap before
{Heap before GC invocations=12 (full 0):
 garbage-first heap   total reserved 897024K, committed 40960K, used 34816K [0x00000000c9400000, 0x0000000100000000)
  region size 1024K, 19 young (19456K), 3 survivors (3072K)
 Metaspace       used 37644K, committed 38016K, reserved 1114112K
  class space    used 4011K, committed 4160K, reserved 1048576K
}
Event: 16.626 GC heap after
{Heap after GC invocations=13 (full 0):
 garbage-first heap   total reserved 897024K, committed 40960K, used 19927K [0x00000000c9400000, 0x0000000100000000)
  region size 1024K, 3 young (3072K), 3 survivors (3072K)
 Metaspace       used 37644K, committed 38016K, reserved 1114112K
  class space    used 4011K, committed 4160K, reserved 1048576K
}
Event: 17.072 GC heap before
{Heap before GC invocations=13 (full 0):
 garbage-first heap   total reserved 897024K, committed 40960K, used 34263K [0x00000000c9400000, 0x0000000100000000)
  region size 1024K, 17 young (17408K), 3 survivors (3072K)
 Metaspace       used 39798K, committed 40128K, reserved 1114112K
  class space    used 4278K, committed 4416K, reserved 1048576K
}
Event: 17.086 GC heap after
{Heap after GC invocations=14 (full 0):
 garbage-first heap   total reserved 897024K, committed 40960K, used 20275K [0x00000000c9400000, 0x0000000100000000)
  region size 1024K, 3 young (3072K), 3 survivors (3072K)
 Metaspace       used 39798K, committed 40128K, reserved 1114112K
  class space    used 4278K, committed 4416K, reserved 1048576K
}
Event: 18.340 GC heap before
{Heap before GC invocations=14 (full 0):
 garbage-first heap   total reserved 897024K, committed 40960K, used 34611K [0x00000000c9400000, 0x0000000100000000)
  region size 1024K, 17 young (17408K), 3 survivors (3072K)
 Metaspace       used 41949K, committed 42432K, reserved 1114112K
  class space    used 4553K, committed 4736K, reserved 1048576K
}
Event: 18.347 GC heap after
{Heap after GC invocations=15 (full 0):
 garbage-first heap   total reserved 897024K, committed 40960K, used 21632K [0x00000000c9400000, 0x0000000100000000)
  region size 1024K, 2 young (2048K), 2 survivors (2048K)
 Metaspace       used 41949K, committed 42432K, reserved 1114112K
  class space    used 4553K, committed 4736K, reserved 1048576K
}

